<?xml version="1.0" encoding="UTF-8"?>
<!-- Generated by org.testng.reporters.JUnitXMLReporter -->
<testsuite ignored="0" hostname="DESKTOP-2L70A79" failures="1" tests="2" name="Test" time="0.065" errors="0" timestamp="2024-11-09T12:21:31 IST">
  <testcase classname="listenerPractice.TestClass" name="testMethod1" time="0.008">
    <failure type="java.lang.AssertionError" message="null">
      <![CDATA[java.lang.AssertionError: null
at listenerPractice.TestClass.testMethod1(TestClass.java:14)
at java.base/java.util.ArrayList.forEach(ArrayList.java:1511)
... Removed 29 stack frames]]>
    </failure>
  </testcase> <!-- testMethod1 -->
  <testcase classname="listenerPractice.TestClass" name="testMethod2" time="0.0">
    <skipped/>
  </testcase> <!-- testMethod2 -->
</testsuite> <!-- Test -->
