<?xml version="1.0" encoding="UTF-8"?>
<!-- Generated by org.testng.reporters.JUnitXMLReporter -->
<testsuite ignored="0" hostname="DESKTOP-2L70A79" failures="1" tests="4" name="Test Runner 1" time="0.084" errors="0" timestamp="2024-11-08T13:08:14 IST">
  <testcase classname="distributedParallel.Test2" name="demo1" time="0.015"/>
  <testcase classname="distributedParallel.Test2" name="demo2" time="0.004">
    <failure type="java.lang.AssertionError" message="null">
      <![CDATA[java.lang.AssertionError: null
at distributedParallel.Test2.demo2(Test2.java:16)
at java.base/java.util.ArrayList.forEach(ArrayList.java:1511)
at java.base/java.util.concurrent.FutureTask.run(FutureTask.java:264)
at java.base/java.util.concurrent.ThreadPoolExecutor.runWorker(ThreadPoolExecutor.java:1136)
at java.base/java.util.concurrent.ThreadPoolExecutor$Worker.run(ThreadPoolExecutor.java:635)
at java.base/java.lang.Thread.run(Thread.java:833)
... Removed 20 stack frames]]>
    </failure>
  </testcase> <!-- demo2 -->
  <testcase classname="distributedParallel.Test1" name="demo1" time="0.002"/>
  <testcase classname="distributedParallel.Test1" name="demo2" time="0.0"/>
</testsuite> <!-- Test Runner 1 -->
