<?xml version="1.0" encoding="UTF-8"?>
<!-- Generated by org.testng.reporters.JUnitXMLReporter -->
<testsuite ignored="1" hostname="DESKTOP-2L70A79" failures="0" tests="1" name="Test Runner 1(failed)" time="0.034" errors="0" timestamp="2024-11-08T13:09:36 IST">
  <testcase classname="distributedParallel.Test2" name="demo2" time="0.009"/>
  <testcase classname="distributedParallel.Test2" name="demo1" time="0.0">
    <ignored/>
  </testcase> <!-- demo1 -->
</testsuite> <!-- Test Runner 1(failed) -->
